Arguments: 
  /usr/local/bin/node /usr/local/bin/yarn add gulp-jekyll-stream

PATH: 
  /Users/thomjjames/.composer/vendor/bin:/Applications/MAMP/bin/php/php7.0.20/bin:/Users/thomjjames/local/node/bin:/usr/local/heroku/bin:/usr/local/bin:/usr/bin:/bin:/usr/sbin:/sbin:/usr/local/git/bin:/opt/ImageMagick/bin:/Applications/AMPPS/mysql/bin:/Users/thomjjames/.rvm/bin

Yarn version: 
  1.3.2

Node version: 
  6.3.1

Platform: 
  darwin x64

npm manifest: 
  

yarn manifest: 
  No manifest

Lockfile: 
  No lockfile

Trace: 
  SyntaxError: /Applications/AMPPS/www/projects/themelize.me/_html/appStrap/docs/package.json: Unexpected end of JSON input
      at Object.parse (native)
      at /usr/local/lib/node_modules/yarn/lib/cli.js:770:59
      at next (native)
      at step (/usr/local/lib/node_modules/yarn/lib/cli.js:92:30)
      at /usr/local/lib/node_modules/yarn/lib/cli.js:103:13
      at run (/usr/local/lib/node_modules/yarn/lib/cli.js:92989:22)
      at /usr/local/lib/node_modules/yarn/lib/cli.js:93002:28
      at flush (/usr/local/lib/node_modules/yarn/lib/cli.js:92460:9)
      at _combinedTickCallback (internal/process/next_tick.js:67:7)
      at process._tickCallback (internal/process/next_tick.js:98:9)
